<?xml version="1.0" encoding="UTF-8"?>
<testng-results total="2" passed="2" failed="0" skipped="0">
  <reporter-output>
  </reporter-output>
  <suite started-at="2023-01-11T16:44:00Z" name="Default suite" finished-at="2023-01-11T16:44:02Z" duration-ms="1875">
    <groups>
    </groups>
    <test started-at="2023-01-11T16:44:00Z" name="Default test" finished-at="2023-01-11T16:44:02Z" duration-ms="1875">
      <class name="com.qa.test.GetAPITest">
        <test-method is-config="true" signature="setUp()[pri:0, instance:com.qa.test.GetAPITest@19e4653c]" started-at="2023-01-11T11:44:00Z" name="setUp" finished-at="2023-01-11T11:44:00Z" duration-ms="56" status="PASS">
          <reporter-output>
          </reporter-output>
        </test-method> <!-- setUp -->
        <test-method signature="getAPITestWithoutHeaders()[pri:1, instance:com.qa.test.GetAPITest@19e4653c]" started-at="2023-01-11T11:44:00Z" name="getAPITestWithoutHeaders" finished-at="2023-01-11T11:44:02Z" duration-ms="1489" status="PASS">
          <reporter-output>
          </reporter-output>
        </test-method> <!-- getAPITestWithoutHeaders -->
        <test-method is-config="true" signature="setUp()[pri:0, instance:com.qa.test.GetAPITest@19e4653c]" started-at="2023-01-11T11:44:02Z" name="setUp" finished-at="2023-01-11T11:44:02Z" duration-ms="6" status="PASS">
          <reporter-output>
          </reporter-output>
        </test-method> <!-- setUp -->
        <test-method signature="getAPITestWithHeaders()[pri:2, instance:com.qa.test.GetAPITest@19e4653c]" started-at="2023-01-11T11:44:02Z" name="getAPITestWithHeaders" finished-at="2023-01-11T11:44:02Z" duration-ms="268" status="PASS">
          <reporter-output>
          </reporter-output>
        </test-method> <!-- getAPITestWithHeaders -->
      </class> <!-- com.qa.test.GetAPITest -->
    </test> <!-- Default test -->
  </suite> <!-- Default suite -->
</testng-results>
