<?xml version="1.0" encoding="UTF-8"?>
<testng-results total="1" passed="1" failed="0" skipped="0">
  <reporter-output>
  </reporter-output>
  <suite started-at="2023-01-11T15:20:59Z" name="Default suite" finished-at="2023-01-11T15:20:59Z" duration-ms="571">
    <groups>
    </groups>
    <test started-at="2023-01-11T15:20:59Z" name="Default test" finished-at="2023-01-11T15:20:59Z" duration-ms="571">
      <class name="com.qa.test.GetAPITest">
        <test-method is-config="true" signature="setUp()[pri:0, instance:com.qa.test.GetAPITest@663c9e7a]" started-at="2023-01-11T10:20:59Z" name="setUp" finished-at="2023-01-11T10:20:59Z" duration-ms="12" status="PASS">
          <reporter-output>
          </reporter-output>
        </test-method> <!-- setUp -->
        <test-method signature="getAPITest()[pri:0, instance:com.qa.test.GetAPITest@663c9e7a]" started-at="2023-01-11T10:20:59Z" name="getAPITest" finished-at="2023-01-11T10:20:59Z" duration-ms="516" status="PASS">
          <reporter-output>
          </reporter-output>
        </test-method> <!-- getAPITest -->
      </class> <!-- com.qa.test.GetAPITest -->
    </test> <!-- Default test -->
  </suite> <!-- Default suite -->
</testng-results>
